<?xml version="1.0" ?>
<!DOCTYPE coverage SYSTEM "http://cobertura.sourceforge.net/xml/coverage-04.dtd">
<coverage lines-valid="42" lines-covered="42" line-rate="1" branches-valid="10" branches-covered="10" branch-rate="1" timestamp="1606992779433" complexity="0" version="0.1">
  <sources>
    <source>/Users/gonzaloberhouet/projects/techtest/banktest</source>
  </sources>
  <packages>
    <class name="BankAccount.js" filename="src/BankAccount.js" line-rate="1" branch-rate="1">
      <methods>
        <method name="(anonymous_0)" hits="1" signature="()V">
          <lines>
            <line number="4" hits="1"/>
          </lines>
        </method>
        <method name="(anonymous_1)" hits="2" signature="()V">
          <lines>
            <line number="8" hits="2"/>
          </lines>
        </method>
        <method name="(anonymous_2)" hits="1" signature="()V">
          <lines>
            <line number="10" hits="1"/>
          </lines>
        </method>
        <method name="(anonymous_3)" hits="1" signature="()V">
          <lines>
            <line number="26" hits="1"/>
          </lines>
        </method>
        <method name="(anonymous_4)" hits="2" signature="()V">
          <lines>
            <line number="29" hits="2"/>
          </lines>
        </method>
      </methods>
      <lines>
        <line number="1" hits="1" branch="false"/>
        <line number="2" hits="1" branch="false"/>
        <line number="5" hits="1" branch="false"/>
        <line number="9" hits="2" branch="false"/>
        <line number="10" hits="2" branch="false"/>
        <line number="11" hits="1" branch="false"/>
        <line number="12" hits="1" branch="false"/>
        <line number="17" hits="1" branch="false"/>
        <line number="18" hits="1" branch="false"/>
        <line number="23" hits="1" branch="false"/>
        <line number="27" hits="1" branch="false"/>
        <line number="28" hits="1" branch="false"/>
        <line number="29" hits="1" branch="false"/>
        <line number="30" hits="2" branch="false"/>
        <line number="32" hits="2" branch="true" condition-coverage="100% (2/2)"/>
        <line number="34" hits="2" branch="true" condition-coverage="100% (2/2)"/>
        <line number="35" hits="2" branch="false"/>
        <line number="39" hits="2" branch="false"/>
        <line number="40" hits="2" branch="false"/>
        <line number="42" hits="1" branch="false"/>
        <line number="43" hits="1" branch="false"/>
        <line number="46" hits="1" branch="false"/>
      </lines>
    </class>
    <class name="NewOperation.js" filename="src/NewOperation.js" line-rate="1" branch-rate="1">
      <methods>
        <method name="(anonymous_0)" hits="2" signature="()V">
          <lines>
            <line number="2" hits="2"/>
          </lines>
        </method>
      </methods>
      <lines>
        <line number="3" hits="2" branch="false"/>
        <line number="4" hits="2" branch="false"/>
        <line number="5" hits="2" branch="false"/>
        <line number="8" hits="1" branch="false"/>
      </lines>
    </class>
    <class name="Statement.js" filename="src/Statement.js" line-rate="1" branch-rate="1">
      <methods>
        <method name="(anonymous_0)" hits="2" signature="()V">
          <lines>
            <line number="2" hits="2"/>
          </lines>
        </method>
        <method name="(anonymous_1)" hits="1" signature="()V">
          <lines>
            <line number="6" hits="1"/>
          </lines>
        </method>
        <method name="(anonymous_2)" hits="2" signature="()V">
          <lines>
            <line number="8" hits="2"/>
          </lines>
        </method>
      </methods>
      <lines>
        <line number="3" hits="2" branch="false"/>
        <line number="4" hits="2" branch="false"/>
        <line number="7" hits="1" branch="false"/>
        <line number="8" hits="1" branch="false"/>
        <line number="9" hits="2" branch="false"/>
        <line number="11" hits="1" branch="false"/>
        <line number="14" hits="2" branch="false"/>
      </lines>
    </class>
    <class name="TableEntry.js" filename="src/TableEntry.js" line-rate="1" branch-rate="1">
      <methods>
        <method name="(anonymous_0)" hits="2" signature="()V">
          <lines>
            <line number="2" hits="2"/>
          </lines>
        </method>
        <method name="(anonymous_1)" hits="2" signature="()V">
          <lines>
            <line number="8" hits="2"/>
          </lines>
        </method>
        <method name="(anonymous_2)" hits="6" signature="()V">
          <lines>
            <line number="19" hits="6"/>
          </lines>
        </method>
      </methods>
      <lines>
        <line number="3" hits="2" branch="false"/>
        <line number="4" hits="2" branch="false"/>
        <line number="5" hits="2" branch="false"/>
        <line number="6" hits="2" branch="false"/>
        <line number="9" hits="2" branch="false"/>
        <line number="10" hits="2" branch="false"/>
        <line number="11" hits="2" branch="false"/>
        <line number="20" hits="6" branch="true" condition-coverage="100% (4/4)"/>
        <line number="23" hits="1" branch="false"/>
      </lines>
    </class>
  </packages>
</coverage>
