<?xml version="1.0" ?>
<!DOCTYPE coverage SYSTEM "http://cobertura.sourceforge.net/xml/coverage-04.dtd">
<coverage lines-valid="44" lines-covered="44" line-rate="1" branches-valid="14" branches-covered="14" branch-rate="1" timestamp="1607289956671" complexity="0" version="0.1">
  <sources>
    <source>/Users/gonzaloberhouet/projects/techtest/banktest</source>
  </sources>
  <packages>
    <class name="BankAccount.js" filename="src/BankAccount.js" line-rate="1" branch-rate="1">
      <methods>
        <method name="(anonymous_0)" hits="6" signature="()V">
          <lines>
            <line number="4" hits="6"/>
          </lines>
        </method>
        <method name="(anonymous_1)" hits="6" signature="()V">
          <lines>
            <line number="8" hits="6"/>
          </lines>
        </method>
        <method name="(anonymous_2)" hits="1" signature="()V">
          <lines>
            <line number="16" hits="1"/>
          </lines>
        </method>
        <method name="(anonymous_3)" hits="3" signature="()V">
          <lines>
            <line number="33" hits="3"/>
          </lines>
        </method>
        <method name="(anonymous_4)" hits="3" signature="()V">
          <lines>
            <line number="36" hits="3"/>
          </lines>
        </method>
      </methods>
      <lines>
        <line number="1" hits="1" branch="false"/>
        <line number="2" hits="1" branch="false"/>
        <line number="5" hits="6" branch="false"/>
        <line number="9" hits="6" branch="true" condition-coverage="100% (2/2)"/>
        <line number="13" hits="1" branch="false"/>
        <line number="15" hits="5" branch="false"/>
        <line number="16" hits="5" branch="false"/>
        <line number="17" hits="1" branch="false"/>
        <line number="18" hits="1" branch="false"/>
        <line number="23" hits="1" branch="false"/>
        <line number="24" hits="1" branch="false"/>
        <line number="29" hits="1" branch="false"/>
        <line number="34" hits="3" branch="false"/>
        <line number="35" hits="3" branch="false"/>
        <line number="36" hits="3" branch="false"/>
        <line number="37" hits="3" branch="false"/>
        <line number="39" hits="3" branch="true" condition-coverage="100% (2/2)"/>
        <line number="41" hits="3" branch="true" condition-coverage="100% (2/2)"/>
        <line number="42" hits="3" branch="false"/>
        <line number="46" hits="3" branch="false"/>
        <line number="47" hits="3" branch="false"/>
        <line number="49" hits="3" branch="false"/>
        <line number="50" hits="3" branch="false"/>
        <line number="53" hits="1" branch="false"/>
      </lines>
    </class>
    <class name="NewOperation.js" filename="src/NewOperation.js" line-rate="1" branch-rate="1">
      <methods>
        <method name="(anonymous_0)" hits="6" signature="()V">
          <lines>
            <line number="2" hits="6"/>
          </lines>
        </method>
      </methods>
      <lines>
        <line number="3" hits="6" branch="false"/>
        <line number="4" hits="6" branch="false"/>
        <line number="5" hits="6" branch="false"/>
        <line number="8" hits="1" branch="false"/>
      </lines>
    </class>
    <class name="Statement.js" filename="src/Statement.js" line-rate="1" branch-rate="1">
      <methods>
        <method name="(anonymous_0)" hits="7" signature="()V">
          <lines>
            <line number="2" hits="7"/>
          </lines>
        </method>
        <method name="(anonymous_1)" hits="4" signature="()V">
          <lines>
            <line number="7" hits="4"/>
          </lines>
        </method>
        <method name="(anonymous_2)" hits="4" signature="()V">
          <lines>
            <line number="9" hits="4"/>
          </lines>
        </method>
      </methods>
      <lines>
        <line number="3" hits="7" branch="false"/>
        <line number="4" hits="7" branch="false"/>
        <line number="8" hits="4" branch="false"/>
        <line number="9" hits="4" branch="false"/>
        <line number="10" hits="4" branch="false"/>
        <line number="12" hits="4" branch="false"/>
        <line number="15" hits="2" branch="false"/>
      </lines>
    </class>
    <class name="TableEntry.js" filename="src/TableEntry.js" line-rate="1" branch-rate="1">
      <methods>
        <method name="(anonymous_0)" hits="3" signature="()V">
          <lines>
            <line number="2" hits="3"/>
          </lines>
        </method>
        <method name="(anonymous_1)" hits="3" signature="()V">
          <lines>
            <line number="9" hits="3"/>
          </lines>
        </method>
        <method name="(anonymous_2)" hits="9" signature="()V">
          <lines>
            <line number="21" hits="9"/>
          </lines>
        </method>
      </methods>
      <lines>
        <line number="3" hits="3" branch="false"/>
        <line number="4" hits="3" branch="false"/>
        <line number="5" hits="3" branch="false"/>
        <line number="6" hits="3" branch="false"/>
        <line number="10" hits="3" branch="false"/>
        <line number="11" hits="3" branch="false"/>
        <line number="12" hits="3" branch="false"/>
        <line number="22" hits="9" branch="true" condition-coverage="100% (4/4)"/>
        <line number="25" hits="1" branch="false"/>
      </lines>
    </class>
  </packages>
</coverage>
